Arguments: 
  D:\dev\nvm-noinstall\node\node.exe D:\dev\nvm-noinstall\node\node_modules\yarn\bin\yarn.js add though2

PATH: 
  D:\dev\ideaIU-2019.3.win\bin\;C:\Program Files (x86)\Common Files\Intel\Shared Libraries\redist\intel64\compiler;C:\Program Files\ImageMagick-7.0.8-Q16;D:\dev\Python36-32\Scripts\;D:\dev\Python36-32\;D:\dev\Java\jdk1.8.0_231\bin\;C:\Windows\system32;C:\Windows;C:\Windows\System32\Wbem;C:\Windows\System32\WindowsPowerShell\v1.0\;C:\Program Files (x86)\NVIDIA Corporation\PhysX\Common;C:\Program Files (x86)\Microsoft SQL Server\100\Tools\Binn\;C:\Program Files\Microsoft SQL Server\100\Tools\Binn\;C:\Program Files\Microsoft SQL Server\100\DTS\Binn\;C:\Program Files\PostgreSQL\12\bin;C:\Program Files\TortoiseSVN\bin;d:\dev\Ruby24-x64\bin;C:\WINDOWS\system32;C:\WINDOWS;C:\WINDOWS\System32\Wbem;C:\WINDOWS\System32\WindowsPowerShell\v1.0\;C:\Program Files\Docker\Docker;D:\tools\curl-7.40.0-devel-mingw64\bin;C:\Program Files\Microsoft VS Code\bin;C:\Program Files\Git\cmd;C:\Users\wupei\AppData\Local\Yarn\bin;C:\Users\wupei\AppData\Local\Android\Sdk\platform-tools;C:\Users\wupei\AppData\Local\Android\Sdk\emulator;C:\Users\wupei\AppData\Local\Android\Sdk\build-tools\28.0.1;D:\dev\nvm-noinstall;D:\dev\nvm-noinstall\node;C:\Ruby24-x64\bin;C:\Users\wupei\AppData\Local\Microsoft\WindowsApps;C:\Program Files\Microsoft VS Code\bin;C:\Users\wupei\AppData\Roaming\npm;C:\Users\wupei\AppData\Local\Programs\Fiddler

Yarn version: 
  1.21.1

Node version: 
  10.18.1

Platform: 
  win32 x64

Trace: 
  Error: https://registry.npm.taobao.org/though2: Not found
      at Request.params.callback [as _callback] (D:\dev\nvm-noinstall\v10.18.1\node_modules\yarn\lib\cli.js:66947:18)
      at Request.self.callback (D:\dev\nvm-noinstall\v10.18.1\node_modules\yarn\lib\cli.js:140665:22)
      at Request.emit (events.js:198:13)
      at Request.<anonymous> (D:\dev\nvm-noinstall\v10.18.1\node_modules\yarn\lib\cli.js:141637:10)
      at Request.emit (events.js:198:13)
      at IncomingMessage.<anonymous> (D:\dev\nvm-noinstall\v10.18.1\node_modules\yarn\lib\cli.js:141559:12)
      at Object.onceWrapper (events.js:286:20)
      at IncomingMessage.emit (events.js:203:15)
      at endReadableNT (_stream_readable.js:1145:12)
      at process._tickCallback (internal/process/next_tick.js:63:19)

npm manifest: 
  {
    "name": "gulp-remove-function",
    "version": "1.0.0",
    "description": "删除js文件中的一个函数，有两个参数，其中regex为匹配要删除函数的文件名的正则，ruler为函数的开头，通常是要删除的开头到第一个｛以前的部分。",
    "main": "index.js",
    "scripts": {
      "test": "echo \"Error: no test specified\" && exit 1"
    },
    "keywords": [],
    "author": "wupei",
    "license": "ISC",
    "dependencies": {
      "readme-md": "^0.8.0"
    }
  }

yarn manifest: 
  No manifest

Lockfile: 
  # THIS IS AN AUTOGENERATED FILE. DO NOT EDIT THIS FILE DIRECTLY.
  # yarn lockfile v1
  
  
  lodash.escape@^4.0.1:
    version "4.0.1"
    resolved "https://registry.npm.taobao.org/lodash.escape/download/lodash.escape-4.0.1.tgz#c9044690c21e04294beaa517712fded1fa88de98"
    integrity sha1-yQRGkMIeBClL6qUXcS/e0fqI3pg=
  
  lodash.get@^4.4.2:
    version "4.4.2"
    resolved "https://registry.npm.taobao.org/lodash.get/download/lodash.get-4.4.2.tgz#2d177f652fa31e939b4438d5341499dfa3825e99"
    integrity sha1-LRd/ZS+jHpObRDjVNBSZ36OCXpk=
  
  md-writer@^0.2.0:
    version "0.2.0"
    resolved "https://registry.npm.taobao.org/md-writer/download/md-writer-0.2.0.tgz#a78fc2112656b41603c863a13954febccecf4578"
    integrity sha1-p4/CESZWtBYDyGOhOVT+vM7PRXg=
  
  readme-md@^0.8.0:
    version "0.8.0"
    resolved "https://registry.npm.taobao.org/readme-md/download/readme-md-0.8.0.tgz#cd161d5efd44ecaa10768f09038c6a972c0fc2f4"
    integrity sha1-zRYdXv1E7KoQdo8JA4xqlywPwvQ=
    dependencies:
      lodash.escape "^4.0.1"
      lodash.get "^4.4.2"
      md-writer "^0.2.0"
